{
 "R091" : {
    "MG4E2J/A" : true,
    "MGAC2J/A" : true,
    "MG4J2J/A" : false,
    "MGAH2J/A" : true,
    "MG492J/A" : false,
    "MGAJ2J/A" : false,
    "MGA92J/A" : false,
    "MG4H2J/A" : false,
    "MG472J/A" : false,
    "MG4C2J/A" : false,
    "MGAE2J/A" : false,
    "MG4A2J/A" : false,
    "MGAA2J/A" : false,
    "MG482J/A" : false,
    "MG4F2J/A" : false,
    "MGAK2J/A" : false,
    "MGA82J/A" : true,
    "MGAF2J/A" : false
  },
  "R119" : {
    "MG4E2J/A" : true,
    "MGAC2J/A" : true,
    "MG4J2J/A" : false,
    "MGAH2J/A" : true,
    "MG492J/A" : false,
    "MGAJ2J/A" : false,
    "MGA92J/A" : true,
    "MG4H2J/A" : false,
    "MG472J/A" : false,
    "MG4C2J/A" : false,
    "MGAE2J/A" : true,
    "MG4A2J/A" : false,
    "MGAA2J/A" : false,
    "MG482J/A" : false,
    "MG4F2J/A" : false,
    "MGAK2J/A" : false,
    "MGA82J/A" : true,
    "MGAF2J/A" : false
  },
  "R048" : {
    "MG4E2J/A" : false,
    "MGAC2J/A" : false,
    "MG4J2J/A" : false,
    "MGAH2J/A" : false,
    "MG492J/A" : false,
    "MGAJ2J/A" : false,
    "MGA92J/A" : false,
    "MG4H2J/A" : false,
    "MG472J/A" : false,
    "MG4C2J/A" : false,
    "MGAE2J/A" : false,
    "MG4A2J/A" : false,
    "MGAA2J/A" : false,
    "MG482J/A" : false,
    "MG4F2J/A" : false,
    "MGAK2J/A" : false,
    "MGA82J/A" : false,
    "MGAF2J/A" : false
  },
  "R224" : {
    "MG4E2J/A" : true,
    "MGAC2J/A" : true,
    "MG4J2J/A" : false,
    "MGAH2J/A" : true,
    "MG492J/A" : false,
    "MGAJ2J/A" : false,
    "MGA92J/A" : true,
    "MG4H2J/A" : false,
    "MG472J/A" : false,
    "MG4C2J/A" : false,
    "MGAE2J/A" : true,
    "MG4A2J/A" : false,
    "MGAA2J/A" : false,
    "MG482J/A" : false,
    "MG4F2J/A" : false,
    "MGAK2J/A" : false,
    "MGA82J/A" : true,
    "MGAF2J/A" : false
  },
  "R005" : {
    "MG4E2J/A" : false,
    "MGAC2J/A" : false,
    "MG4J2J/A" : false,
    "MGAH2J/A" : false,
    "MG492J/A" : false,
    "MGAJ2J/A" : false,
    "MGA92J/A" : false,
    "MG4H2J/A" : false,
    "MG472J/A" : false,
    "MG4C2J/A" : false,
    "MGAE2J/A" : false,
    "MG4A2J/A" : false,
    "MGAA2J/A" : false,
    "MG482J/A" : false,
    "MG4F2J/A" : false,
    "MGAK2J/A" : false,
    "MGA82J/A" : false,
    "MGAF2J/A" : false
  },
  "R079" : {
    "MG4E2J/A" : true,
    "MGAC2J/A" : false,
    "MG4J2J/A" : false,
    "MGAH2J/A" : false,
    "MG492J/A" : false,
    "MGAJ2J/A" : false,
    "MGA92J/A" : true,
    "MG4H2J/A" : false,
    "MG472J/A" : false,
    "MG4C2J/A" : false,
    "MGAE2J/A" : false,
    "MG4A2J/A" : false,
    "MGAA2J/A" : false,
    "MG482J/A" : false,
    "MG4F2J/A" : false,
    "MGAK2J/A" : false,
    "MGA82J/A" : true,
    "MGAF2J/A" : false
  },
  "R150" : {
    "MG4E2J/A" : false,
    "MGAC2J/A" : false,
    "MG4J2J/A" : false,
    "MGAH2J/A" : false,
    "MG492J/A" : false,
    "MGAJ2J/A" : false,
    "MGA92J/A" : false,
    "MG4H2J/A" : false,
    "MG472J/A" : false,
    "MG4C2J/A" : false,
    "MGAE2J/A" : false,
    "MG4A2J/A" : false,
    "MGAA2J/A" : false,
    "MG482J/A" : false,
    "MG4F2J/A" : false,
    "MGAK2J/A" : false,
    "MGA82J/A" : false,
    "MGAF2J/A" : false
  },
  "updated" : 1411398000346,
  "R193" : {
    "MG4E2J/A" : true,
    "MGAC2J/A" : false,
    "MG4J2J/A" : false,
    "MGAH2J/A" : false,
    "MG492J/A" : false,
    "MGAJ2J/A" : false,
    "MGA92J/A" : false,
    "MG4H2J/A" : false,
    "MG472J/A" : false,
    "MG4C2J/A" : false,
    "MGAE2J/A" : false,
    "MG4A2J/A" : false,
    "MGAA2J/A" : true,
    "MG482J/A" : false,
    "MG4F2J/A" : false,
    "MGAK2J/A" : true,
    "MGA82J/A" : true,
    "MGAF2J/A" : false
  }
}
